# JRE version: OpenJDK Runtime Environment (11.0.10) (build 11.0.10+0-b96-7249189)
# Java VM: OpenJDK 64-Bit Server VM (11.0.10+0-b96-7249189, mixed mode, tiered, compressed oops, g1 gc, windows-amd64)
Heap:
 garbage-first heap   total 739328K, used 231675K [0x0000000080000000, 0x0000000100000000)
  region size 1024K, 5 young (5120K), 5 survivors (5120K)
 Metaspace       used 131485K, capacity 134971K, committed 135244K, reserved 1167360K
  class space    used 16379K, capacity 17738K, committed 17996K, reserved 1048576K
GC Heap History (20 events):
Event: 547.682 GC heap after
{Heap after GC invocations=67 (full 0):
 garbage-first heap   total 199680K, used 154624K [0x0000000080000000, 0x0000000100000000)
  region size 1024K, 3 young (3072K), 3 survivors (3072K)
 Metaspace       used 130703K, capacity 134113K, committed 134604K, reserved 1165312K
  class space    used 16304K, capacity 17597K, committed 17868K, reserved 1048576K
}
Event: 547.706 GC heap before
{Heap before GC invocations=67 (full 0):
 garbage-first heap   total 199680K, used 165888K [0x0000000080000000, 0x0000000100000000)
  region size 1024K, 14 young (14336K), 3 survivors (3072K)
 Metaspace       used 130710K, capacity 134113K, committed 134604K, reserved 1165312K
  class space    used 16304K, capacity 17597K, committed 17868K, reserved 1048576K
}
Event: 547.717 GC heap after
{Heap after GC invocations=68 (full 0):
 garbage-first heap   total 199680K, used 160935K [0x0000000080000000, 0x0000000100000000)
  region size 1024K, 2 young (2048K), 2 survivors (2048K)
 Metaspace       used 130710K, capacity 134113K, committed 134604K, reserved 1165312K
  class space    used 16304K, capacity 17597K, committed 17868K, reserved 1048576K
}
Event: 547.774 GC heap before
{Heap before GC invocations=68 (full 0):
 garbage-first heap   total 199680K, used 167079K [0x0000000080000000, 0x0000000100000000)
  region size 1024K, 9 young (9216K), 2 survivors (2048K)
 Metaspace       used 130712K, capacity 134113K, committed 134604K, reserved 1165312K
  class space    used 16304K, capacity 17597K, committed 17868K, reserved 1048576K
}
Event: 547.783 GC heap after
{Heap after GC invocations=69 (full 0):
 garbage-first heap   total 199680K, used 164864K [0x0000000080000000, 0x0000000100000000)
  region size 1024K, 2 young (2048K), 2 survivors (2048K)
 Metaspace       used 130712K, capacity 134113K, committed 134604K, reserved 1165312K
  class space    used 16304K, capacity 17597K, committed 17868K, reserved 1048576K
}
Event: 547.809 GC heap before
{Heap before GC invocations=69 (full 0):
 garbage-first heap   total 199680K, used 172032K [0x0000000080000000, 0x0000000100000000)
  region size 1024K, 9 young (9216K), 2 survivors (2048K)
 Metaspace       used 130713K, capacity 134113K, committed 134604K, reserved 1165312K
  class space    used 16304K, capacity 17597K, committed 17868K, reserved 1048576K
}
Event: 547.816 GC heap after
{Heap after GC invocations=70 (full 0):
 garbage-first heap   total 199680K, used 168960K [0x0000000080000000, 0x0000000100000000)
  region size 1024K, 2 young (2048K), 2 survivors (2048K)
 Metaspace       used 130713K, capacity 134113K, committed 134604K, reserved 1165312K
  class space    used 16304K, capacity 17597K, committed 17868K, reserved 1048576K
}
Event: 547.884 GC heap before
{Heap before GC invocations=70 (full 0):
 garbage-first heap   total 199680K, used 176128K [0x0000000080000000, 0x0000000100000000)
  region size 1024K, 9 young (9216K), 2 survivors (2048K)
 Metaspace       used 130713K, capacity 134113K, committed 134604K, reserved 1165312K
  class space    used 16304K, capacity 17597K, committed 17868K, reserved 1048576K
}
Event: 547.892 GC heap after
{Heap after GC invocations=71 (full 0):
 garbage-first heap   total 199680K, used 172660K [0x0000000080000000, 0x0000000100000000)
  region size 1024K, 2 young (2048K), 2 survivors (2048K)
 Metaspace       used 130713K, capacity 134113K, committed 134604K, reserved 1165312K
  class space    used 16304K, capacity 17597K, committed 17868K, reserved 1048576K
}
Event: 547.931 GC heap before
{Heap before GC invocations=71 (full 0):
 garbage-first heap   total 199680K, used 179828K [0x0000000080000000, 0x0000000100000000)
  region size 1024K, 9 young (9216K), 2 survivors (2048K)
 Metaspace       used 130714K, capacity 134113K, committed 134604K, reserved 1165312K
  class space    used 16304K, capacity 17597K, committed 17868K, reserved 1048576K
}
Event: 547.938 GC heap after
{Heap after GC invocations=72 (full 0):
 garbage-first heap   total 199680K, used 176300K [0x0000000080000000, 0x0000000100000000)
  region size 1024K, 2 young (2048K), 2 survivors (2048K)
 Metaspace       used 130714K, capacity 134113K, committed 134604K, reserved 1165312K
  class space    used 16304K, capacity 17597K, committed 17868K, reserved 1048576K
}
Event: 548.005 GC heap before
{Heap before GC invocations=72 (full 0):
 garbage-first heap   total 199680K, used 182444K [0x0000000080000000, 0x0000000100000000)
  region size 1024K, 9 young (9216K), 2 survivors (2048K)
 Metaspace       used 130711K, capacity 134109K, committed 134604K, reserved 1165312K
  class space    used 16303K, capacity 17595K, committed 17868K, reserved 1048576K
}
Event: 548.019 GC heap after
{Heap after GC invocations=73 (full 0):
 garbage-first heap   total 399360K, used 179850K [0x0000000080000000, 0x0000000100000000)
  region size 1024K, 2 young (2048K), 2 survivors (2048K)
 Metaspace       used 130711K, capacity 134109K, committed 134604K, reserved 1165312K
  class space    used 16303K, capacity 17595K, committed 17868K, reserved 1048576K
}
Event: 548.650 GC heap before
{Heap before GC invocations=74 (full 0):
 garbage-first heap   total 399360K, used 242314K [0x0000000080000000, 0x0000000100000000)
  region size 1024K, 63 young (64512K), 2 survivors (2048K)
 Metaspace       used 131189K, capacity 134726K, committed 135244K, reserved 1167360K
  class space    used 16376K, capacity 17733K, committed 17996K, reserved 1048576K
}
Event: 548.664 GC heap after
{Heap after GC invocations=75 (full 0):
 garbage-first heap   total 399360K, used 187336K [0x0000000080000000, 0x0000000100000000)
  region size 1024K, 8 young (8192K), 8 survivors (8192K)
 Metaspace       used 131189K, capacity 134726K, committed 135244K, reserved 1167360K
  class space    used 16376K, capacity 17733K, committed 17996K, reserved 1048576K
}
Event: 549.158 GC heap before
{Heap before GC invocations=75 (full 0):
 garbage-first heap   total 399360K, used 259016K [0x0000000080000000, 0x0000000100000000)
  region size 1024K, 73 young (74752K), 8 survivors (8192K)
 Metaspace       used 131251K, capacity 134793K, committed 135244K, reserved 1167360K
  class space    used 16376K, capacity 17733K, committed 17996K, reserved 1048576K
}
Event: 549.179 GC heap after
{Heap after GC invocations=76 (full 0):
 garbage-first heap   total 399360K, used 200786K [0x0000000080000000, 0x0000000100000000)
  region size 1024K, 8 young (8192K), 8 survivors (8192K)
 Metaspace       used 131251K, capacity 134793K, committed 135244K, reserved 1167360K
  class space    used 16376K, capacity 17733K, committed 17996K, reserved 1048576K
}
Event: 550.051 GC heap before
{Heap before GC invocations=76 (full 0):
 garbage-first heap   total 399360K, used 281682K [0x0000000080000000, 0x0000000100000000)
  region size 1024K, 76 young (77824K), 8 survivors (8192K)
 Metaspace       used 131327K, capacity 134813K, committed 135244K, reserved 1167360K
  class space    used 16379K, capacity 17738K, committed 17996K, reserved 1048576K
}
Event: 550.065 GC heap after
{Heap after GC invocations=77 (full 0):
 garbage-first heap   total 399360K, used 218356K [0x0000000080000000, 0x0000000100000000)
  region size 1024K, 9 young (9216K), 9 survivors (9216K)
 Metaspace       used 131327K, capacity 134813K, committed 135244K, reserved 1167360K
  class space    used 16379K, capacity 17738K, committed 17996K, reserved 1048576K
}
Event: 550.720 GC heap before
{Heap before GC invocations=77 (full 0):
 garbage-first heap   total 399360K, used 297204K [0x0000000080000000, 0x0000000100000000)
  region size 1024K, 78 young (79872K), 9 survivors (9216K)
 Metaspace       used 131485K, capacity 134971K, committed 135244K, reserved 1167360K
  class space    used 16379K, capacity 17738K, committed 17996K, reserved 1048576K
}

